[13:23:02] [main/INFO] [LaunchWrapper]: Loading tweak class name net.minecraftforge.fml.common.launcher.FMLTweaker
[13:23:02] [main/INFO] [LaunchWrapper]: Using primary tweak class name net.minecraftforge.fml.common.launcher.FMLTweaker
[13:23:02] [main/INFO] [LaunchWrapper]: Calling tweak class net.minecraftforge.fml.common.launcher.FMLTweaker
[13:23:02] [main/INFO] [FML]: Forge Mod Loader version 14.23.5.2854 for Minecraft 1.12.2 loading
[13:23:02] [main/INFO] [FML]: Java is OpenJDK 64-Bit Server VM, version 1.8.0_275, running on Windows 10:amd64:10.0, installed at C:\Program Files\AdoptOpenJDK\jdk-8.0.275.1-hotspot\jre
[13:23:02] [main/ERROR] [FML]: Apache Maven library folder was not in the format expected. Using default libraries directory.
[13:23:02] [main/ERROR] [FML]: Full: C:\Users\Leron\.gradle\caches\modules-2\files-2.1\org.apache.maven\maven-artifact\3.5.3\7dc72b6d6d8a6dced3d294ed54c2cc3515ade9f4\maven-artifact-3.5.3.jar
[13:23:02] [main/ERROR] [FML]: Trimmed: c:/users/leron/.gradle/caches/modules-2/files-2.1/org.apache.maven/maven-artifact/3.5.3/
[13:23:02] [main/INFO] [FML]: Managed to load a deobfuscated Minecraft name- we are in a deobfuscated environment. Skipping runtime deobfuscation
[13:23:02] [main/INFO] [FML]: Detected deobfuscated environment, loading log configs for colored console logs.
[13:23:02] [main/INFO] [FML]: Ignoring missing certificate for coremod FMLCorePlugin (net.minecraftforge.fml.relauncher.FMLCorePlugin), we are in deobf and it's a forge core plugin
[13:23:02] [main/INFO] [FML]: Ignoring missing certificate for coremod FMLForgePlugin (net.minecraftforge.classloading.FMLForgePlugin), we are in deobf and it's a forge core plugin
[13:23:02] [main/INFO] [FML]: Searching C:\Users\Leron\Desktop\mOres_mod\run\.\mods for mods
[13:23:02] [main/INFO] [LaunchWrapper]: Loading tweak class name net.minecraftforge.fml.common.launcher.FMLInjectionAndSortingTweaker
[13:23:02] [main/INFO] [LaunchWrapper]: Loading tweak class name net.minecraftforge.fml.common.launcher.FMLDeobfTweaker
[13:23:02] [main/INFO] [LaunchWrapper]: Calling tweak class net.minecraftforge.fml.common.launcher.FMLInjectionAndSortingTweaker
[13:23:02] [main/INFO] [LaunchWrapper]: Calling tweak class net.minecraftforge.fml.common.launcher.FMLInjectionAndSortingTweaker
[13:23:02] [main/INFO] [LaunchWrapper]: Calling tweak class net.minecraftforge.fml.relauncher.CoreModManager$FMLPluginWrapper
[13:23:04] [main/ERROR] [FML]: FML appears to be missing any signature data. This is not a good thing
[13:23:04] [main/INFO] [LaunchWrapper]: Calling tweak class net.minecraftforge.fml.relauncher.CoreModManager$FMLPluginWrapper
[13:23:04] [main/INFO] [LaunchWrapper]: Calling tweak class net.minecraftforge.fml.common.launcher.FMLDeobfTweaker
